Arguments: 
  C:\Program Files\nodejs\node.exe C:\Users\Piolo\AppData\Roaming\npm\node_modules\yarn\bin\yarn.js add chart.js react-chart-2

PATH: 
  C:\Users\Piolo\bin;C:\Program Files\Git\mingw64\bin;C:\Program Files\Git\usr\local\bin;C:\Program Files\Git\usr\bin;C:\Program Files\Git\usr\bin;C:\Program Files\Git\mingw64\bin;C:\Program Files\Git\usr\bin;C:\Users\Piolo\bin;C:\Program Files\Common Files\Oracle\Java\javapath;C:\Windows\system32;C:\Windows;C:\Windows\System32\Wbem;C:\Windows\System32\WindowsPowerShell\v1.0;C:\Windows\System32\OpenSSH;C:\Program Files (x86)\NVIDIA Corporation\PhysX\Common;C:\Program Files\NVIDIA Corporation\NVIDIA NvDLISR;C:\Program Files\Git\cmd;C:\WINDOWS\system32;C:\WINDOWS;C:\WINDOWS\System32\Wbem;C:\WINDOWS\System32\WindowsPowerShell\v1.0;C:\WINDOWS\System32\OpenSSH;C:\Program Files\nodejs;C:\Program Files\dotnet;C:\Users\Piolo\AppData\Local\Programs\Python\Python310\Scripts;C:\Users\Piolo\AppData\Local\Programs\Python\Python310;C:\Users\Piolo\AppData\Local\Microsoft\WindowsApps;C:\Program Files\heroku\bin;C:\OpenSSL-Win64\bin;C:\Users\Piolo\AppData\Local\Programs\Microsoft VS Code\bin;C:\Users\Piolo\AppData\Roaming\npm;C:\Program Files\Git\usr\bin\vendor_perl;C:\Program Files\Git\usr\bin\core_perl

Yarn version: 
  1.22.19

Node version: 
  16.15.0

Platform: 
  win32 x64

Trace: 
  Error: https://registry.yarnpkg.com/react-chart-2: Not found
      at Request.params.callback [as _callback] (C:\Users\Piolo\AppData\Roaming\npm\node_modules\yarn\lib\cli.js:66145:18)
      at Request.self.callback (C:\Users\Piolo\AppData\Roaming\npm\node_modules\yarn\lib\cli.js:140890:22)
      at Request.emit (node:events:527:28)
      at Request.<anonymous> (C:\Users\Piolo\AppData\Roaming\npm\node_modules\yarn\lib\cli.js:141862:10)
      at Request.emit (node:events:527:28)
      at IncomingMessage.<anonymous> (C:\Users\Piolo\AppData\Roaming\npm\node_modules\yarn\lib\cli.js:141784:12)
      at Object.onceWrapper (node:events:641:28)
      at IncomingMessage.emit (node:events:539:35)
      at endReadableNT (node:internal/streams/readable:1345:12)
      at processTicksAndRejections (node:internal/process/task_queues:83:21)

npm manifest: 
  {
    "dependencies": {
      "chart.js": "^3.9.1",
      "react-chartjs-2": "^4.3.1"
    }
  }

yarn manifest: 
  No manifest

Lockfile: 
  # THIS IS AN AUTOGENERATED FILE. DO NOT EDIT THIS FILE DIRECTLY.
  # yarn lockfile v1
  
  
  chart.js@^3.9.1:
    version "3.9.1"
    resolved "https://registry.yarnpkg.com/chart.js/-/chart.js-3.9.1.tgz#3abf2c775169c4c71217a107163ac708515924b8"
    integrity sha512-Ro2JbLmvg83gXF5F4sniaQ+lTbSv18E+TIf2cOeiH1Iqd2PGFOtem+DUufMZsCJwFE7ywPOpfXFBwRTGq7dh6w==
  
  react-chartjs-2@^4.3.1:
    version "4.3.1"
    resolved "https://registry.yarnpkg.com/react-chartjs-2/-/react-chartjs-2-4.3.1.tgz#9941e7397fb963f28bb557addb401e9ff96c6681"
    integrity sha512-5i3mjP6tU7QSn0jvb8I4hudTzHJqS8l00ORJnVwI2sYu0ihpj83Lv2YzfxunfxTZkscKvZu2F2w9LkwNBhj6xA==
